c:\users\youssef\onedrive\lavori\deform_engine\deform\intermediate\debug\object.obj
c:\users\youssef\onedrive\lavori\deform_engine\deform\intermediate\debug\ddstextureloader11.obj
c:\users\youssef\onedrive\lavori\deform_engine\deform\intermediate\debug\scene.obj
c:\users\youssef\onedrive\lavori\deform_engine\deform\intermediate\debug\window.obj
c:\users\youssef\onedrive\lavori\deform_engine\deform\intermediate\debug\main.obj
c:\users\youssef\onedrive\lavori\deform_engine\deform\intermediate\debug\dxrender.obj
c:\users\youssef\onedrive\lavori\deform_engine\deform\intermediate\debug\vector.obj
c:\users\youssef\onedrive\lavori\deform_engine\deform\intermediate\debug\logger.obj
c:\users\youssef\onedrive\lavori\deform_engine\deform\intermediate\debug\vc145.pdb
c:\users\youssef\onedrive\lavori\deform_engine\deform\intermediate\debug\glrender.obj
c:\users\youssef\onedrive\lavori\deform_engine\deform\bin\debug\engine_debug.dll
c:\users\youssef\onedrive\lavori\deform_engine\deform\bin\debug\engine_debug.pdb
c:\users\youssef\onedrive\lavori\deform_engine\deform\bin\debug\engine_debug.lib
c:\users\youssef\onedrive\lavori\deform_engine\deform\bin\debug\engine_debug.exp
c:\users\youssef\onedrive\lavori\deform_engine\deform\intermediate\debug\engine_debug.ilk
c:\users\youssef\onedrive\lavori\deform_engine\deform\intermediate\debug\vc145.idb
c:\users\youssef\onedrive\lavori\deform_engine\deform\intermediate\debug\engine.tlog\cl.command.1.tlog
c:\users\youssef\onedrive\lavori\deform_engine\deform\intermediate\debug\engine.tlog\cl.items.tlog
c:\users\youssef\onedrive\lavori\deform_engine\deform\intermediate\debug\engine.tlog\cl.read.1.tlog
c:\users\youssef\onedrive\lavori\deform_engine\deform\intermediate\debug\engine.tlog\cl.write.1.tlog
c:\users\youssef\onedrive\lavori\deform_engine\deform\intermediate\debug\engine.tlog\link.command.1.tlog
c:\users\youssef\onedrive\lavori\deform_engine\deform\intermediate\debug\engine.tlog\link.read.1.tlog
c:\users\youssef\onedrive\lavori\deform_engine\deform\intermediate\debug\engine.tlog\link.secondary.1.tlog
c:\users\youssef\onedrive\lavori\deform_engine\deform\intermediate\debug\engine.tlog\link.write.1.tlog
