c:\users\youssef\onedrive\lavori\deform_engine\editor\intermediate\release\vc145.pdb
c:\users\youssef\onedrive\lavori\deform_engine\editor\intermediate\release\main.obj
c:\users\youssef\onedrive\lavori\deform_engine\editor\intermediate\release\menubar.obj
c:\users\youssef\onedrive\lavori\deform_engine\editor\intermediate\release\inspector.obj
c:\users\youssef\onedrive\lavori\deform_engine\editor\intermediate\release\hierarchy.obj
c:\users\youssef\onedrive\lavori\deform_engine\editor\intermediate\release\console.obj
c:\users\youssef\onedrive\lavori\deform_engine\editor\intermediate\release\imgui_stdlib.obj
c:\users\youssef\onedrive\lavori\deform_engine\editor\intermediate\release\imgui_widgets.obj
c:\users\youssef\onedrive\lavori\deform_engine\editor\intermediate\release\imgui_tables.obj
c:\users\youssef\onedrive\lavori\deform_engine\editor\intermediate\release\imgui_draw.obj
c:\users\youssef\onedrive\lavori\deform_engine\editor\intermediate\release\imgui_demo.obj
c:\users\youssef\onedrive\lavori\deform_engine\editor\intermediate\release\imgui.obj
c:\users\youssef\onedrive\lavori\deform_engine\editor\intermediate\release\imgui_impl_dx11.obj
c:\users\youssef\onedrive\lavori\deform_engine\editor\intermediate\release\imgui_impl_glfw.obj
c:\users\youssef\onedrive\lavori\deform_engine\editor\intermediate\release\ui.obj
c:\users\youssef\onedrive\lavori\deform_engine\editor\bin\release\sky.cso
c:\users\youssef\onedrive\lavori\deform_engine\editor\bin\release\deform_editor.exe
c:\users\youssef\onedrive\lavori\deform_engine\editor\bin\release\deform_editor.pdb
c:\users\youssef\onedrive\lavori\deform_engine\editor\intermediate\release\deform_editor.ipdb
c:\users\youssef\onedrive\lavori\deform_engine\editor\intermediate\release\deform_editor.iobj
c:\users\youssef\onedrive\lavori\deform_engine\editor\intermediate\release\editorplatform.obj
c:\users\youssef\onedrive\lavori\deform_engine\editor\intermediate\release\imgui_impl_win32.obj
c:\users\youssef\onedrive\lavori\deform_engine\editor\intermediate\release\editor.tlog\cl.command.1.tlog
c:\users\youssef\onedrive\lavori\deform_engine\editor\intermediate\release\editor.tlog\cl.items.tlog
c:\users\youssef\onedrive\lavori\deform_engine\editor\intermediate\release\editor.tlog\cl.read.1.tlog
c:\users\youssef\onedrive\lavori\deform_engine\editor\intermediate\release\editor.tlog\cl.write.1.tlog
c:\users\youssef\onedrive\lavori\deform_engine\editor\intermediate\release\editor.tlog\fxc.command.1.tlog
c:\users\youssef\onedrive\lavori\deform_engine\editor\intermediate\release\editor.tlog\fxc.read.1.tlog
c:\users\youssef\onedrive\lavori\deform_engine\editor\intermediate\release\editor.tlog\fxc.write.1.tlog
c:\users\youssef\onedrive\lavori\deform_engine\editor\intermediate\release\editor.tlog\link.command.1.tlog
c:\users\youssef\onedrive\lavori\deform_engine\editor\intermediate\release\editor.tlog\link.read.1.tlog
c:\users\youssef\onedrive\lavori\deform_engine\editor\intermediate\release\editor.tlog\link.secondary.1.tlog
c:\users\youssef\onedrive\lavori\deform_engine\editor\intermediate\release\editor.tlog\link.write.1.tlog
