c:\users\youssef\3d objects\deform_engine\deform\intermediate\vc145.pdb
c:\users\youssef\3d objects\deform_engine\deform\intermediate\vc145.idb
c:\users\youssef\3d objects\deform_engine\deform\intermediate\main.obj
c:\users\youssef\3d objects\deform_engine\deform\intermediate\window.obj
c:\users\youssef\3d objects\deform_engine\deform\intermediate\imgui_stdlib.obj
c:\users\youssef\3d objects\deform_engine\deform\intermediate\imgui_widgets.obj
c:\users\youssef\3d objects\deform_engine\deform\intermediate\imgui_tables.obj
c:\users\youssef\3d objects\deform_engine\deform\intermediate\imgui_draw.obj
c:\users\youssef\3d objects\deform_engine\deform\intermediate\imgui_demo.obj
c:\users\youssef\3d objects\deform_engine\deform\intermediate\imgui.obj
c:\users\youssef\3d objects\deform_engine\deform\intermediate\imgui_impl_glfw.obj
c:\users\youssef\3d objects\deform_engine\deform\intermediate\imgui_impl_dx11.obj
c:\users\youssef\3d objects\deform_engine\deform\intermediate\logger.obj
c:\users\youssef\3d objects\deform_engine\deform\intermediate\editorui.obj
c:\users\youssef\3d objects\deform_engine\deform\intermediate\scene.obj
c:\users\youssef\3d objects\deform_engine\deform\intermediate\dxrender.obj
c:\users\youssef\3d objects\deform_engine\deform\intermediate\object.obj
c:\users\youssef\3d objects\deform_engine\deform\intermediate\vector.obj
c:\users\youssef\3d objects\deform_engine\deform\bin\deform engine.exe
c:\users\youssef\3d objects\deform_engine\deform\bin\deform engine.pdb
c:\users\youssef\3d objects\deform_engine\deform\intermediate\deform engine.ilk
c:\users\youssef\3d objects\deform_engine\deform\intermediate\deform engine.tlog\cl.command.1.tlog
c:\users\youssef\3d objects\deform_engine\deform\intermediate\deform engine.tlog\cl.items.tlog
c:\users\youssef\3d objects\deform_engine\deform\intermediate\deform engine.tlog\cl.read.1.tlog
c:\users\youssef\3d objects\deform_engine\deform\intermediate\deform engine.tlog\cl.write.1.tlog
c:\users\youssef\3d objects\deform_engine\deform\intermediate\deform engine.tlog\link.command.1.tlog
c:\users\youssef\3d objects\deform_engine\deform\intermediate\deform engine.tlog\link.read.1.tlog
c:\users\youssef\3d objects\deform_engine\deform\intermediate\deform engine.tlog\link.secondary.1.tlog
c:\users\youssef\3d objects\deform_engine\deform\intermediate\deform engine.tlog\link.write.1.tlog
