C:\Program Files\Microsoft Visual Studio\18\Community\MSBuild\Microsoft\VC\v180\Microsoft.CppBuild.targets(1139,5): warning MSB8027: due o più file con il nome di imgui_impl_dx11.cpp produrranno output nello stesso percorso. Tale condizione può comportare un risultato di compilazione non corretto. I file interessati sono src\external\imgui\backends\imgui_impl_dx11.cpp, src\external\imgui\backends\imgui_impl_dx11.cpp.
C:\Program Files\Microsoft Visual Studio\18\Community\MSBuild\Microsoft\VC\v180\Microsoft.CppBuild.targets(1139,5): warning MSB8027: due o più file con il nome di imgui_impl_opengl3.cpp produrranno output nello stesso percorso. Tale condizione può comportare un risultato di compilazione non corretto. I file interessati sono src\external\imgui\backends\imgui_impl_opengl3.cpp, src\external\imgui\backends\imgui_impl_opengl3.cpp.
C:\Program Files\Microsoft Visual Studio\18\Community\MSBuild\Microsoft\VC\v180\Microsoft.CppBuild.targets(1139,5): warning MSB8027: due o più file con il nome di imgui_impl_vulkan.cpp produrranno output nello stesso percorso. Tale condizione può comportare un risultato di compilazione non corretto. I file interessati sono src\external\imgui\backends\imgui_impl_vulkan.cpp, src\external\imgui\backends\imgui_impl_vulkan.cpp.
C:\Program Files\Microsoft Visual Studio\18\Community\MSBuild\Microsoft\VC\v180\Microsoft.CppBuild.targets(1139,5): warning MSB8027: due o più file con il nome di imgui.cpp produrranno output nello stesso percorso. Tale condizione può comportare un risultato di compilazione non corretto. I file interessati sono src\external\imgui\imgui.cpp, src\external\imgui\imgui.cpp.
C:\Program Files\Microsoft Visual Studio\18\Community\MSBuild\Microsoft\VC\v180\Microsoft.CppBuild.targets(1139,5): warning MSB8027: due o più file con il nome di imgui_demo.cpp produrranno output nello stesso percorso. Tale condizione può comportare un risultato di compilazione non corretto. I file interessati sono src\external\imgui\imgui_demo.cpp, src\external\imgui\imgui_demo.cpp.
C:\Program Files\Microsoft Visual Studio\18\Community\MSBuild\Microsoft\VC\v180\Microsoft.CppBuild.targets(1139,5): warning MSB8027: due o più file con il nome di imgui_draw.cpp produrranno output nello stesso percorso. Tale condizione può comportare un risultato di compilazione non corretto. I file interessati sono src\external\imgui\imgui_draw.cpp, src\external\imgui\imgui_draw.cpp.
C:\Program Files\Microsoft Visual Studio\18\Community\MSBuild\Microsoft\VC\v180\Microsoft.CppBuild.targets(1139,5): warning MSB8027: due o più file con il nome di imgui_tables.cpp produrranno output nello stesso percorso. Tale condizione può comportare un risultato di compilazione non corretto. I file interessati sono src\external\imgui\imgui_tables.cpp, src\external\imgui\imgui_tables.cpp.
C:\Program Files\Microsoft Visual Studio\18\Community\MSBuild\Microsoft\VC\v180\Microsoft.CppBuild.targets(1139,5): warning MSB8027: due o più file con il nome di imgui_widgets.cpp produrranno output nello stesso percorso. Tale condizione può comportare un risultato di compilazione non corretto. I file interessati sono src\external\imgui\imgui_widgets.cpp, src\external\imgui\imgui_widgets.cpp.
  DXRender.cpp
  imgui_impl_dx11.cpp
  imgui_impl_dx12.cpp
C:\Users\youssef\3D Objects\Deform-main\src\external\imgui\backends\imgui_impl_dx12.h(23,10): error C1083: Non è possibile aprire il file inclusione: 'imgui.h': No such file or directory
  (compilazione del file di origine 'src/external/imgui/backends/imgui_impl_dx12.cpp')
  
  imgui_impl_opengl3.cpp
  imgui_impl_vulkan.cpp
C:\Users\youssef\3D Objects\Deform-main\src\external\imgui\backends\imgui_impl_vulkan.h(75,10): error C1083: Non è possibile aprire il file inclusione: 'vulkan/vulkan.h': No such file or directory
  (compilazione del file di origine 'src/external/imgui/backends/imgui_impl_vulkan.cpp')
  
  imgui_impl_dx11.cpp
  imgui_impl_opengl3.cpp
  imgui_impl_vulkan.cpp
C:\Users\youssef\3D Objects\Deform-main\src\external\imgui\backends\imgui_impl_vulkan.h(75,10): error C1083: Non è possibile aprire il file inclusione: 'vulkan/vulkan.h': No such file or directory
  (compilazione del file di origine 'src/external/imgui/backends/imgui_impl_vulkan.cpp')
  
  main.cpp
C:\Users\youssef\3D Objects\Deform-main\src\main.cpp(94,16): error C2664: 'ImGuiID ImGui::DockSpaceOverViewport(ImGuiID,const ImGuiViewport *,ImGuiDockNodeFlags,const ImGuiWindowClass *)': impossibile convertire l'argomento 1 da 'ImGuiViewport *' a 'ImGuiID'
      C:\Users\youssef\3D Objects\Deform-main\src\main.cpp(94,60):
      Non vi sono contesti in cui sia possibile eseguire questa conversione
      C:\Users\youssef\3D Objects\Deform-main\src\external\imgui\imgui.h(990,29):
      vedere la dichiarazione di 'ImGui::DockSpaceOverViewport'
      C:\Users\youssef\3D Objects\Deform-main\src\main.cpp(94,16):
      durante la ricerca di corrispondenza con l'elenco di argomenti '(ImGuiViewport *)'
  
  Generazione del codice in corso...
