c:\users\youssef\onedrive\lavori\deform_engine\deform\intermediate\release\object.obj
c:\users\youssef\onedrive\lavori\deform_engine\deform\intermediate\release\inspector.obj
c:\users\youssef\onedrive\lavori\deform_engine\deform\intermediate\release\imgui_impl_dx11.obj
c:\users\youssef\onedrive\lavori\deform_engine\deform\intermediate\release\imgui_draw.obj
c:\users\youssef\onedrive\lavori\deform_engine\deform\intermediate\release\imgui_stdlib.obj
c:\users\youssef\onedrive\lavori\deform_engine\deform\intermediate\release\dxrender.obj
c:\users\youssef\onedrive\lavori\deform_engine\deform\intermediate\release\ddstextureloader11.obj
c:\users\youssef\onedrive\lavori\deform_engine\deform\intermediate\release\imgui.obj
c:\users\youssef\onedrive\lavori\deform_engine\deform\intermediate\release\scene.obj
c:\users\youssef\onedrive\lavori\deform_engine\deform\intermediate\release\console.obj
c:\users\youssef\onedrive\lavori\deform_engine\deform\intermediate\release\logger.obj
c:\users\youssef\onedrive\lavori\deform_engine\deform\intermediate\release\imgui_demo.obj
c:\users\youssef\onedrive\lavori\deform_engine\deform\intermediate\release\window.obj
c:\users\youssef\onedrive\lavori\deform_engine\deform\intermediate\release\main.obj
c:\users\youssef\onedrive\lavori\deform_engine\deform\intermediate\release\vector.obj
c:\users\youssef\onedrive\lavori\deform_engine\deform\intermediate\release\hierarchy.obj
c:\users\youssef\onedrive\lavori\deform_engine\deform\intermediate\release\menubar.obj
c:\users\youssef\onedrive\lavori\deform_engine\deform\intermediate\release\imgui_impl_glfw.obj
c:\users\youssef\onedrive\lavori\deform_engine\deform\intermediate\release\imgui_tables.obj
c:\users\youssef\onedrive\lavori\deform_engine\deform\intermediate\release\imgui_widgets.obj
c:\users\youssef\onedrive\lavori\deform_engine\deform\intermediate\release\vc145.pdb
c:\users\youssef\onedrive\lavori\deform_engine\deform\intermediate\release\glrender.obj
c:\users\youssef\onedrive\lavori\deform_engine\deform\bin\release\sky.cso
c:\users\youssef\onedrive\lavori\deform_engine\deform\bin\release\deform engine_release.exe
c:\users\youssef\onedrive\lavori\deform_engine\deform\bin\release\deform engine_release.pdb
c:\users\youssef\onedrive\lavori\deform_engine\deform\intermediate\release\editorui.obj
c:\users\youssef\onedrive\lavori\deform_engine\deform\intermediate\release\mainmenubar.obj
c:\users\youssef\onedrive\lavori\deform_engine\deform\intermediate\release\deform engine.tlog\cl.command.1.tlog
c:\users\youssef\onedrive\lavori\deform_engine\deform\intermediate\release\deform engine.tlog\cl.items.tlog
c:\users\youssef\onedrive\lavori\deform_engine\deform\intermediate\release\deform engine.tlog\cl.read.1.tlog
c:\users\youssef\onedrive\lavori\deform_engine\deform\intermediate\release\deform engine.tlog\cl.write.1.tlog
c:\users\youssef\onedrive\lavori\deform_engine\deform\intermediate\release\deform engine.tlog\fxc.command.1.tlog
c:\users\youssef\onedrive\lavori\deform_engine\deform\intermediate\release\deform engine.tlog\fxc.read.1.tlog
c:\users\youssef\onedrive\lavori\deform_engine\deform\intermediate\release\deform engine.tlog\fxc.write.1.tlog
c:\users\youssef\onedrive\lavori\deform_engine\deform\intermediate\release\deform engine.tlog\link-cvtres.read.1.tlog
c:\users\youssef\onedrive\lavori\deform_engine\deform\intermediate\release\deform engine.tlog\link-cvtres.write.1.tlog
c:\users\youssef\onedrive\lavori\deform_engine\deform\intermediate\release\deform engine.tlog\link-rc.read.1.tlog
c:\users\youssef\onedrive\lavori\deform_engine\deform\intermediate\release\deform engine.tlog\link-rc.write.1.tlog
c:\users\youssef\onedrive\lavori\deform_engine\deform\intermediate\release\deform engine.tlog\link.command.1.tlog
c:\users\youssef\onedrive\lavori\deform_engine\deform\intermediate\release\deform engine.tlog\link.read.1.tlog
c:\users\youssef\onedrive\lavori\deform_engine\deform\intermediate\release\deform engine.tlog\link.read.2.tlog
c:\users\youssef\onedrive\lavori\deform_engine\deform\intermediate\release\deform engine.tlog\link.secondary.1.tlog
c:\users\youssef\onedrive\lavori\deform_engine\deform\intermediate\release\deform engine.tlog\link.write.1.tlog
