c:\users\youssef\onedrive\lavori\deform_engine\deform\intermediate\release\dxrender.obj
c:\users\youssef\onedrive\lavori\deform_engine\deform\intermediate\release\scene.obj
c:\users\youssef\onedrive\lavori\deform_engine\deform\intermediate\release\logger.obj
c:\users\youssef\onedrive\lavori\deform_engine\deform\intermediate\release\object.obj
c:\users\youssef\onedrive\lavori\deform_engine\deform\intermediate\release\ddstextureloader11.obj
c:\users\youssef\onedrive\lavori\deform_engine\deform\intermediate\release\vector.obj
c:\users\youssef\onedrive\lavori\deform_engine\deform\intermediate\release\window.obj
c:\users\youssef\onedrive\lavori\deform_engine\deform\intermediate\release\main.obj
c:\users\youssef\onedrive\lavori\deform_engine\deform\intermediate\release\vc145.pdb
c:\users\youssef\onedrive\lavori\deform_engine\deform\bin\release\deformengine.dll
c:\users\youssef\onedrive\lavori\deform_engine\deform\bin\release\deformengine.pdb
c:\users\youssef\onedrive\lavori\deform_engine\deform\bin\release\deformengine.lib
c:\users\youssef\onedrive\lavori\deform_engine\deform\bin\release\deformengine.exp
c:\users\youssef\onedrive\lavori\deform_engine\deform\intermediate\release\engine.tlog\cl.command.1.tlog
c:\users\youssef\onedrive\lavori\deform_engine\deform\intermediate\release\engine.tlog\cl.items.tlog
c:\users\youssef\onedrive\lavori\deform_engine\deform\intermediate\release\engine.tlog\cl.read.1.tlog
c:\users\youssef\onedrive\lavori\deform_engine\deform\intermediate\release\engine.tlog\cl.write.1.tlog
c:\users\youssef\onedrive\lavori\deform_engine\deform\intermediate\release\engine.tlog\link.command.1.tlog
c:\users\youssef\onedrive\lavori\deform_engine\deform\intermediate\release\engine.tlog\link.read.1.tlog
c:\users\youssef\onedrive\lavori\deform_engine\deform\intermediate\release\engine.tlog\link.secondary.1.tlog
c:\users\youssef\onedrive\lavori\deform_engine\deform\intermediate\release\engine.tlog\link.write.1.tlog
