c:\users\youssef\3d objects\deform-main\deform engine\x64\debug\vc145.pdb
c:\users\youssef\3d objects\deform-main\deform engine\x64\debug\vc145.idb
c:\users\youssef\3d objects\deform-main\deform engine\x64\debug\main.obj
c:\users\youssef\3d objects\deform-main\deform engine\x64\debug\window.obj
c:\users\youssef\3d objects\deform-main\deform engine\x64\debug\imgui_stdlib.obj
c:\users\youssef\3d objects\deform-main\deform engine\x64\debug\imgui_widgets.obj
c:\users\youssef\3d objects\deform-main\deform engine\x64\debug\imgui_tables.obj
c:\users\youssef\3d objects\deform-main\deform engine\x64\debug\imgui_draw.obj
c:\users\youssef\3d objects\deform-main\deform engine\x64\debug\imgui_demo.obj
c:\users\youssef\3d objects\deform-main\deform engine\x64\debug\imgui.obj
c:\users\youssef\3d objects\deform-main\deform engine\x64\debug\imgui_impl_glfw.obj
c:\users\youssef\3d objects\deform-main\deform engine\x64\debug\imgui_impl_dx11.obj
c:\users\youssef\3d objects\deform-main\deform engine\x64\debug\editorui.obj
c:\users\youssef\3d objects\deform-main\deform engine\x64\debug\scene.obj
c:\users\youssef\3d objects\deform-main\deform engine\x64\debug\dxrender.obj
c:\users\youssef\3d objects\deform-main\deform engine\x64\debug\object.obj
c:\users\youssef\3d objects\deform-main\deform engine\x64\debug\vector.obj
c:\users\youssef\3d objects\deform-main\x64\debug\deform engine.pdb
c:\users\youssef\3d objects\deform-main\deform engine\x64\debug\deform engine.tlog\cl.command.1.tlog
c:\users\youssef\3d objects\deform-main\deform engine\x64\debug\deform engine.tlog\cl.read.1.tlog
c:\users\youssef\3d objects\deform-main\deform engine\x64\debug\deform engine.tlog\cl.write.1.tlog
c:\users\youssef\3d objects\deform-main\deform engine\x64\debug\deform engine.tlog\link-cvtres.read.1.tlog
c:\users\youssef\3d objects\deform-main\deform engine\x64\debug\deform engine.tlog\link-cvtres.write.1.tlog
c:\users\youssef\3d objects\deform-main\deform engine\x64\debug\deform engine.tlog\link-rc.read.1.tlog
c:\users\youssef\3d objects\deform-main\deform engine\x64\debug\deform engine.tlog\link-rc.write.1.tlog
c:\users\youssef\3d objects\deform-main\deform engine\x64\debug\deform engine.tlog\link.command.1.tlog
c:\users\youssef\3d objects\deform-main\deform engine\x64\debug\deform engine.tlog\link.read.1.tlog
c:\users\youssef\3d objects\deform-main\deform engine\x64\debug\deform engine.tlog\link.read.2.tlog
c:\users\youssef\3d objects\deform-main\deform engine\x64\debug\deform engine.tlog\link.write.1.tlog
